mode: atomic
github.com/dougalmatthews/glug/internal/version/version.go:24.17,31.2 1 0
github.com/dougalmatthews/glug/internal/version/version.go:34.31,37.2 1 0
github.com/dougalmatthews/glug/logparser/parser.go:25.35,26.11 1 6
github.com/dougalmatthews/glug/logparser/parser.go:27.18,28.17 1 1
github.com/dougalmatthews/glug/logparser/parser.go:29.18,30.17 1 1
github.com/dougalmatthews/glug/logparser/parser.go:31.17,32.16 1 1
github.com/dougalmatthews/glug/logparser/parser.go:33.17,34.16 1 1
github.com/dougalmatthews/glug/logparser/parser.go:35.18,36.17 1 1
github.com/dougalmatthews/glug/logparser/parser.go:37.10,38.19 1 1
github.com/dougalmatthews/glug/logparser/parser.go:51.69,53.66 2 10
github.com/dougalmatthews/glug/logparser/parser.go:53.66,55.3 1 1
github.com/dougalmatthews/glug/logparser/parser.go:58.2,59.13 2 9
github.com/dougalmatthews/glug/logparser/parser.go:59.13,61.3 1 1
github.com/dougalmatthews/glug/logparser/parser.go:63.2,64.9 2 8
github.com/dougalmatthews/glug/logparser/parser.go:64.9,66.3 1 0
github.com/dougalmatthews/glug/logparser/parser.go:68.2,72.34 3 8
github.com/dougalmatthews/glug/logparser/parser.go:76.46,79.18 2 41
github.com/dougalmatthews/glug/logparser/parser.go:80.22,81.20 1 5
github.com/dougalmatthews/glug/logparser/parser.go:82.22,83.20 1 5
github.com/dougalmatthews/glug/logparser/parser.go:84.21,85.19 1 4
github.com/dougalmatthews/glug/logparser/parser.go:86.32,87.19 1 12
github.com/dougalmatthews/glug/logparser/parser.go:88.51,89.20 1 13
github.com/dougalmatthews/glug/logparser/parser.go:90.10,92.19 1 2
github.com/dougalmatthews/glug/logparser/parser.go:97.54,99.2 1 7
github.com/dougalmatthews/glug/logparser/parser.go:102.96,104.2 1 11
github.com/dougalmatthews/glug/logparser/parser.go:107.147,109.66 2 16
github.com/dougalmatthews/glug/logparser/parser.go:109.66,111.3 1 1
github.com/dougalmatthews/glug/logparser/parser.go:113.2,118.33 2 15
github.com/dougalmatthews/glug/logparser/parser.go:118.33,119.14 1 45
github.com/dougalmatthews/glug/logparser/parser.go:120.16,121.37 1 10
github.com/dougalmatthews/glug/logparser/parser.go:121.37,123.5 1 10
github.com/dougalmatthews/glug/logparser/parser.go:124.15,125.22 1 5
github.com/dougalmatthews/glug/logparser/parser.go:126.18,127.37 1 15
github.com/dougalmatthews/glug/logparser/parser.go:127.37,129.5 1 15
github.com/dougalmatthews/glug/logparser/parser.go:130.11,131.28 1 15
github.com/dougalmatthews/glug/logparser/parser.go:135.2,135.93 1 15
github.com/dougalmatthews/glug/logparser/parser.go:139.41,141.2 1 0
github.com/dougalmatthews/glug/logparser/parser.go:144.83,146.2 1 0
github.com/dougalmatthews/glug/logparser/parser.go:149.134,154.19 3 15
github.com/dougalmatthews/glug/logparser/parser.go:154.19,156.3 1 5
github.com/dougalmatthews/glug/logparser/parser.go:159.2,159.23 1 15
github.com/dougalmatthews/glug/logparser/parser.go:159.23,162.3 2 10
github.com/dougalmatthews/glug/logparser/parser.go:165.2,165.25 1 15
github.com/dougalmatthews/glug/logparser/parser.go:165.25,168.3 2 15
github.com/dougalmatthews/glug/logparser/parser.go:171.2,173.31 3 15
github.com/dougalmatthews/glug/logparser/parser.go:173.31,175.3 1 15
github.com/dougalmatthews/glug/logparser/parser.go:176.2,178.27 2 15
github.com/dougalmatthews/glug/logparser/parser.go:178.27,184.24 4 15
github.com/dougalmatthews/glug/logparser/parser.go:184.24,186.4 1 6
github.com/dougalmatthews/glug/logparser/parser.go:186.9,188.4 1 9
github.com/dougalmatthews/glug/logparser/parser.go:190.3,191.74 2 15
github.com/dougalmatthews/glug/logparser/parser.go:194.2,194.25 1 15
github.com/dougalmatthews/glug/logparser/parser.go:194.25,196.3 1 9
github.com/dougalmatthews/glug/logparser/parser.go:198.2,198.33 1 15
github.com/dougalmatthews/glug/logparser/parser.go:202.45,203.20 1 31
github.com/dougalmatthews/glug/logparser/parser.go:203.20,205.3 1 11
github.com/dougalmatthews/glug/logparser/parser.go:207.2,207.29 1 20
github.com/dougalmatthews/glug/logparser/parser.go:208.15,210.15 1 12
github.com/dougalmatthews/glug/logparser/parser.go:210.15,212.4 1 4
github.com/dougalmatthews/glug/logparser/parser.go:213.3,213.62 1 8
github.com/dougalmatthews/glug/logparser/parser.go:214.13,216.15 1 4
github.com/dougalmatthews/glug/logparser/parser.go:216.15,218.4 1 4
github.com/dougalmatthews/glug/logparser/parser.go:219.3,219.55 1 0
github.com/dougalmatthews/glug/logparser/parser.go:220.14,222.61 1 4
github.com/dougalmatthews/glug/logparser/parser.go:222.61,224.4 1 3
github.com/dougalmatthews/glug/logparser/parser.go:225.3,225.70 1 1
github.com/dougalmatthews/glug/logparser/parser.go:225.70,227.4 1 0
github.com/dougalmatthews/glug/logparser/parser.go:229.3,229.11 1 1
github.com/dougalmatthews/glug/logparser/parser.go:230.10,231.36 1 0
github.com/dougalmatthews/glug/logparser/parser.go:236.39,238.15 2 15
github.com/dougalmatthews/glug/logparser/parser.go:239.22,240.32 1 2
github.com/dougalmatthews/glug/logparser/parser.go:241.25,242.35 1 3
github.com/dougalmatthews/glug/logparser/parser.go:243.14,244.34 1 7
github.com/dougalmatthews/glug/logparser/parser.go:245.15,246.33 1 2
github.com/dougalmatthews/glug/logparser/parser.go:247.15,248.36 1 0
github.com/dougalmatthews/glug/logparser/parser.go:249.10,250.34 1 1
github.com/dougalmatthews/glug/logparser/parser.go:255.76,256.51 1 30
github.com/dougalmatthews/glug/logparser/parser.go:256.51,258.3 1 25
github.com/dougalmatthews/glug/logparser/parser.go:260.2,261.44 2 5
github.com/dougalmatthews/glug/logparser/parser.go:261.44,262.37 1 9
github.com/dougalmatthews/glug/logparser/parser.go:262.37,265.4 2 5
github.com/dougalmatthews/glug/logparser/parser.go:269.2,269.20 1 5
github.com/dougalmatthews/glug/logparser/parser.go:269.20,271.3 1 5
github.com/dougalmatthews/glug/logparser/parser.go:273.2,273.15 1 5
github.com/dougalmatthews/glug/logparser/parser.go:277.57,278.36 1 13
github.com/dougalmatthews/glug/logparser/parser.go:279.13,280.32 1 3
github.com/dougalmatthews/glug/logparser/parser.go:280.32,280.61 1 3
github.com/dougalmatthews/glug/logparser/parser.go:281.15,282.32 1 4
github.com/dougalmatthews/glug/logparser/parser.go:282.32,282.63 1 4
github.com/dougalmatthews/glug/logparser/parser.go:283.16,284.32 1 1
github.com/dougalmatthews/glug/logparser/parser.go:284.32,284.64 1 1
github.com/dougalmatthews/glug/logparser/parser.go:285.14,286.32 1 1
github.com/dougalmatthews/glug/logparser/parser.go:286.32,286.62 1 1
github.com/dougalmatthews/glug/logparser/parser.go:287.17,288.32 1 1
github.com/dougalmatthews/glug/logparser/parser.go:288.32,288.65 1 1
github.com/dougalmatthews/glug/logparser/parser.go:289.14,290.32 1 1
github.com/dougalmatthews/glug/logparser/parser.go:290.32,290.62 1 1
github.com/dougalmatthews/glug/logparser/parser.go:291.15,292.32 1 1
github.com/dougalmatthews/glug/logparser/parser.go:292.32,292.63 1 1
github.com/dougalmatthews/glug/logparser/parser.go:293.10,294.32 1 1
github.com/dougalmatthews/glug/logparser/parser.go:294.32,294.63 1 1
github.com/dougalmatthews/glug/logparser/parser.go:299.46,313.44 3 41
github.com/dougalmatthews/glug/logparser/parser.go:313.44,314.117 1 904
github.com/dougalmatthews/glug/logparser/parser.go:314.117,316.4 1 31
github.com/dougalmatthews/glug/logparser/parser.go:320.2,320.83 1 10
github.com/dougalmatthews/glug/logparser/parser.go:320.83,322.3 1 0
github.com/dougalmatthews/glug/logparser/parser.go:323.2,323.119 1 10
github.com/dougalmatthews/glug/logparser/parser.go:323.119,325.3 1 0
github.com/dougalmatthews/glug/logparser/parser.go:327.2,327.14 1 10
github.com/dougalmatthews/glug/logparser/parser.go:331.72,333.2 1 10
github.com/dougalmatthews/glug/logparser/parser.go:336.105,340.37 2 24
github.com/dougalmatthews/glug/logparser/parser.go:340.37,341.42 1 15
github.com/dougalmatthews/glug/logparser/parser.go:341.42,343.9 2 10
github.com/dougalmatthews/glug/logparser/parser.go:347.2,347.20 1 24
github.com/dougalmatthews/glug/logparser/parser.go:347.20,349.3 1 14
github.com/dougalmatthews/glug/logparser/parser.go:352.2,355.49 3 10
github.com/dougalmatthews/glug/logparser/parser.go:355.49,358.3 1 10
github.com/dougalmatthews/glug/logparser/parser.go:361.2,361.20 1 0
github.com/dougalmatthews/glug/main.go:20.38,22.2 1 4
github.com/dougalmatthews/glug/main.go:24.46,27.2 2 0
github.com/dougalmatthews/glug/main.go:30.27,34.31 2 1
github.com/dougalmatthews/glug/main.go:34.31,35.49 1 1
github.com/dougalmatthews/glug/main.go:35.49,37.4 1 1
github.com/dougalmatthews/glug/main.go:41.2,41.14 1 0
github.com/dougalmatthews/glug/main.go:45.63,49.19 2 1
github.com/dougalmatthews/glug/main.go:50.14,54.47 1 0
github.com/dougalmatthews/glug/main.go:55.14,57.29 1 0
github.com/dougalmatthews/glug/main.go:58.13,60.28 1 1
github.com/dougalmatthews/glug/main.go:61.10,62.32 1 0
github.com/dougalmatthews/glug/main.go:66.2,71.36 4 1
github.com/dougalmatthews/glug/main.go:71.36,73.3 1 0
github.com/dougalmatthews/glug/main.go:76.2,76.19 1 1
github.com/dougalmatthews/glug/main.go:79.13,109.17 22 1
github.com/dougalmatthews/glug/main.go:109.17,112.3 2 0
github.com/dougalmatthews/glug/main.go:114.2,114.10 1 1
github.com/dougalmatthews/glug/main.go:114.10,132.3 17 1
github.com/dougalmatthews/glug/main.go:135.2,136.34 2 0
github.com/dougalmatthews/glug/main.go:136.34,138.22 2 0
github.com/dougalmatthews/glug/main.go:138.22,141.4 2 0
github.com/dougalmatthews/glug/main.go:142.3,143.29 2 0
github.com/dougalmatthews/glug/main.go:147.2,147.13 1 0
github.com/dougalmatthews/glug/main.go:147.13,149.3 1 0
github.com/dougalmatthews/glug/main.go:152.2,154.27 3 0
github.com/dougalmatthews/glug/main.go:154.27,158.44 3 0
github.com/dougalmatthews/glug/main.go:158.44,160.4 1 0
github.com/dougalmatthews/glug/main.go:164.2,168.12 4 0
github.com/dougalmatthews/glug/main.go:168.12,171.3 2 0
github.com/dougalmatthews/glug/main.go:173.2,178.21 3 0
github.com/dougalmatthews/glug/main.go:178.21,180.10 1 0
github.com/dougalmatthews/glug/main.go:181.21,182.10 1 0
github.com/dougalmatthews/glug/main.go:183.11,183.11 0 0
github.com/dougalmatthews/glug/main.go:186.3,187.17 2 0
github.com/dougalmatthews/glug/main.go:187.17,188.12 1 0
github.com/dougalmatthews/glug/main.go:191.3,192.17 2 0
github.com/dougalmatthews/glug/main.go:192.17,194.16 1 0
github.com/dougalmatthews/glug/main.go:194.16,196.5 1 0
github.com/dougalmatthews/glug/main.go:196.10,198.5 1 0
github.com/dougalmatthews/glug/main.go:199.4,199.12 1 0
github.com/dougalmatthews/glug/main.go:203.3,203.21 1 0
github.com/dougalmatthews/glug/main.go:203.21,205.18 2 0
github.com/dougalmatthews/glug/main.go:205.18,207.17 1 0
github.com/dougalmatthews/glug/main.go:207.17,209.6 1 0
github.com/dougalmatthews/glug/main.go:209.11,211.6 1 0
github.com/dougalmatthews/glug/main.go:212.5,212.13 1 0
github.com/dougalmatthews/glug/main.go:214.4,214.19 1 0
github.com/dougalmatthews/glug/main.go:214.19,215.13 1 0
github.com/dougalmatthews/glug/main.go:219.3,219.15 1 0
github.com/dougalmatthews/glug/main.go:219.15,221.4 1 0
github.com/dougalmatthews/glug/main.go:221.9,223.4 1 0
github.com/dougalmatthews/glug/main.go:226.2,226.38 1 0
github.com/dougalmatthews/glug/main.go:226.38,228.10 1 0
github.com/dougalmatthews/glug/main.go:229.21,230.10 1 0
github.com/dougalmatthews/glug/main.go:231.11,233.14 2 0
github.com/dougalmatthews/glug/main.go:238.2,238.14 1 0
github.com/dougalmatthews/glug/main.go:238.14,242.62 3 0
github.com/dougalmatthews/glug/main.go:242.62,245.4 2 0
github.com/dougalmatthews/glug/internal/version/version.go:24.17,31.2 1 0
github.com/dougalmatthews/glug/internal/version/version.go:34.31,37.2 1 0
